Using pre-set license
Built from '2020.2/staging' branch; Version is '2020.2.5f1 (e2c53f129de5) revision 14861631'; Using compiler version '192528614'; Build Type 'Release'
OS: 'Windows 10 Pro; OS build 19042.867; Version 2009; 64bit' Language: 'en' Physical Memory: 8157 MB
BatchMode: 1, IsHumanControllingUs: 0, StartBugReporterOnCrash: 0, Is64bit: 1, IsPro: 0

 COMMAND LINE ARGUMENTS:
F:\3D Empire\Programs\Unity\2020.2.5f1\Editor\Unity.exe
-adb2
-batchMode
-noUpm
-name
AssetImportWorker1
-projectPath
F:/3D Empire/Projects/Unity/016. Platformer 02 - Brakeys/2D-Movement-master/WandererPlatformer/WandererPlatform
-logFile
Logs/AssetImportWorker1.log
-srvPort
59465
Successfully changed project path to: F:/3D Empire/Projects/Unity/016. Platformer 02 - Brakeys/2D-Movement-master/WandererPlatformer/WandererPlatform
F:/3D Empire/Projects/Unity/016. Platformer 02 - Brakeys/2D-Movement-master/WandererPlatformer/WandererPlatform
Using Asset Import Pipeline V2.
Refreshing native plugins compatible for Editor in 85.81 ms, found 1 plugins.
Preloading 0 native plugins for Editor in 0.00 ms.
Initialize engine version: 2020.2.5f1 (e2c53f129de5)
[Subsystems] Discovering subsystems at path F:/3D Empire/Programs/Unity/2020.2.5f1/Editor/Data/Resources/UnitySubsystems
[Subsystems] Discovering subsystems at path F:/3D Empire/Projects/Unity/016. Platformer 02 - Brakeys/2D-Movement-master/WandererPlatformer/WandererPlatform/Assets
GfxDevice: creating device client; threaded=0
Direct3D:
    Version:  Direct3D 11.0 [level 11.0]
    Renderer: NVIDIA GeForce GT 440 (ID=0xde0)
    Vendor:   
    VRAM:     969 MB
    Driver:   23.21.13.9135
Initialize mono
Mono path[0] = 'F:/3D Empire/Programs/Unity/2020.2.5f1/Editor/Data/Managed'
Mono path[1] = 'F:/3D Empire/Programs/Unity/2020.2.5f1/Editor/Data/MonoBleedingEdge/lib/mono/unityjit'
Mono config path = 'F:/3D Empire/Programs/Unity/2020.2.5f1/Editor/Data/MonoBleedingEdge/etc'
Using monoOptions --debugger-agent=transport=dt_socket,embedding=1,server=y,suspend=n,address=127.0.0.1:56596
Begin MonoManager ReloadAssembly
Registering precompiled unity dll's ...
Register platform support module: F:/3D Empire/Programs/Unity/2020.2.5f1/Editor/Data/PlaybackEngines/WindowsStandaloneSupport/UnityEditor.WindowsStandalone.Extensions.dll
Registered in 0.001778 seconds.
Native extension for WindowsStandalone target not found
Refreshing native plugins compatible for Editor in 96.08 ms, found 1 plugins.
Preloading 0 native plugins for Editor in 0.00 ms.
Invoked RoslynAnalysisRunner static constructor.
RoslynAnalysisRunner will not be running.
RoslynAnalysisRunner has terminated.
Mono: successfully reloaded assembly
- Completed reload, in  4.735 seconds
Platform modules already initialized, skipping
Registering precompiled user dll's ...
Registered in 0.178596 seconds.
