Using pre-set license
Built from '2020.2/staging' branch; Version is '2020.2.5f1 (e2c53f129de5) revision 14861631'; Using compiler version '192528614'; Build Type 'Release'
OS: 'Windows 10 Pro; OS build 19042.867; Version 2009; 64bit' Language: 'en' Physical Memory: 8157 MB
BatchMode: 1, IsHumanControllingUs: 0, StartBugReporterOnCrash: 0, Is64bit: 1, IsPro: 0

 COMMAND LINE ARGUMENTS:
F:\3D Empire\Programs\Unity\2020.2.5f1\Editor\Unity.exe
-adb2
-batchMode
-noUpm
-name
AssetImportWorker2
-projectPath
F:/3D Empire/Projects/Unity/016. Platformer 02 - Brakeys/2D-Movement-master/WandererPlatformer/WandererPlatform
-logFile
Logs/AssetImportWorker2.log
-srvPort
59465
Successfully changed project path to: F:/3D Empire/Projects/Unity/016. Platformer 02 - Brakeys/2D-Movement-master/WandererPlatformer/WandererPlatform
F:/3D Empire/Projects/Unity/016. Platformer 02 - Brakeys/2D-Movement-master/WandererPlatformer/WandererPlatform
Using Asset Import Pipeline V2.
Refreshing native plugins compatible for Editor in 87.09 ms, found 1 plugins.
Preloading 0 native plugins for Editor in 0.00 ms.
Initialize engine version: 2020.2.5f1 (e2c53f129de5)
[Subsystems] Discovering subsystems at path F:/3D Empire/Programs/Unity/2020.2.5f1/Editor/Data/Resources/UnitySubsystems
[Subsystems] Discovering subsystems at path F:/3D Empire/Projects/Unity/016. Platformer 02 - Brakeys/2D-Movement-master/WandererPlatformer/WandererPlatform/Assets
GfxDevice: creating device client; threaded=0
Direct3D:
    Version:  Direct3D 11.0 [level 11.0]
    Renderer: NVIDIA GeForce GT 440 (ID=0xde0)
    Vendor:   
    VRAM:     969 MB
    Driver:   23.21.13.9135
Initialize mono
Mono path[0] = 'F:/3D Empire/Programs/Unity/2020.2.5f1/Editor/Data/Managed'
Mono path[1] = 'F:/3D Empire/Programs/Unity/2020.2.5f1/Editor/Data/MonoBleedingEdge/lib/mono/unityjit'
Mono config path = 'F:/3D Empire/Programs/Unity/2020.2.5f1/Editor/Data/MonoBleedingEdge/etc'
Using monoOptions --debugger-agent=transport=dt_socket,embedding=1,server=y,suspend=n,address=127.0.0.1:56372
Begin MonoManager ReloadAssembly
Registering precompiled unity dll's ...
Register platform support module: F:/3D Empire/Programs/Unity/2020.2.5f1/Editor/Data/PlaybackEngines/WindowsStandaloneSupport/UnityEditor.WindowsStandalone.Extensions.dll
Registered in 0.001685 seconds.
Native extension for WindowsStandalone target not found
Refreshing native plugins compatible for Editor in 96.02 ms, found 1 plugins.
Preloading 0 native plugins for Editor in 0.00 ms.
Invoked RoslynAnalysisRunner static constructor.
RoslynAnalysisRunner will not be running.
RoslynAnalysisRunner has terminated.
Mono: successfully reloaded assembly
- Completed reload, in  2.217 seconds
Platform modules already initialized, skipping
Registering precompiled user dll's ...
Registered in 0.001407 seconds.
Begin MonoManager ReloadAssembly
Native extension for WindowsStandalone target not found
Refreshing native plugins compatible for Editor in 88.78 ms, found 1 plugins.
Preloading 0 native plugins for Editor in 0.00 ms.
Invoked RoslynAnalysisRunner static constructor.
RoslynAnalysisRunner will not be running.
RoslynAnalysisRunner has terminated.
Mono: successfully reloaded assembly
- Completed reload, in  3.338 seconds
Platform modules already initialized, skipping
========================================================================
Worker process is ready to serve import requests
Launched and connected shader compiler UnityShaderCompiler.exe after 0.17 seconds
Refreshing native plugins compatible for Editor in 0.82 ms, found 1 plugins.
Preloading 0 native plugins for Editor in 0.00 ms.
Unloading 1967 Unused Serialized files (Serialized files now loaded: 0)
System memory in use before: 94.9 MB.
System memory in use after: 95.0 MB.

Unloading 20 unused Assets to reduce memory usage. Loaded Objects now: 2419.
Total: 2.836600 ms (FindLiveObjects: 0.286200 ms CreateObjectMapping: 0.149300 ms MarkObjects: 2.297900 ms  DeleteObjects: 0.100700 ms)

========================================================================
Received Import Request.
  path: Assets/Scenes/TheEndScreen.unity
  artifactKey: Guid(d3d81d4938df83548849582c0241a5ab) Importer(815301076,1909f56bfc062723c751e8b465ee728b)
Start importing Assets/Scenes/TheEndScreen.unity using Guid(d3d81d4938df83548849582c0241a5ab) Importer(815301076,1909f56bfc062723c751e8b465ee728b)  -> (artifact id: '2db9d092645b6c8a151728b1b3ecc2cb') in 0.020555 seconds
  Import took 0.024841 seconds .

========================================================================
Received Import Request.
  Time since last request: 0.000266 seconds.
  path: Assets/Scenes/Menu.unity
  artifactKey: Guid(e8ef7f31b1a43634da104aa9d1bef1b1) Importer(815301076,1909f56bfc062723c751e8b465ee728b)
Start importing Assets/Scenes/Menu.unity using Guid(e8ef7f31b1a43634da104aa9d1bef1b1) Importer(815301076,1909f56bfc062723c751e8b465ee728b)  -> (artifact id: 'a9c5fc1203086ba07f926d2a96a114bf') in 0.034158 seconds
  Import took 0.038103 seconds .

========================================================================
Received Import Request.
  Time since last request: 577.273528 seconds.
  path: Assets/Scenes/DDOL.unity
  artifactKey: Guid(6b80aba04742d964cac7404cda8dc15c) Importer(815301076,1909f56bfc062723c751e8b465ee728b)
Start importing Assets/Scenes/DDOL.unity using Guid(6b80aba04742d964cac7404cda8dc15c) Importer(815301076,1909f56bfc062723c751e8b465ee728b)  -> (artifact id: 'b8372899a38b61926f906124d9e423bd') in 0.005394 seconds
  Import took 0.009990 seconds .

